<?xml version="1.0" encoding="UTF-8" ?>

<analysisEngineDescription xmlns="http://uima.apache.org/resourceSpecifier">
	<frameworkImplementation>org.apache.uima.java</frameworkImplementation>
	<primitive>false</primitive>

	<delegateAnalysisEngineSpecifiers>
		<delegateAnalysisEngine key="StanfordCoreNLP">
			<import location="./scnlp_client.xml" />
		</delegateAnalysisEngine>
	</delegateAnalysisEngineSpecifiers>

	<analysisEngineMetaData>
		<name>Remote SCNLP Test</name>
		<description>Remote SCNLP Test</description>

		<flowConstraints>
			<fixedFlow>
				<node>StanfordCoreNLP</node>
			</fixedFlow>
		</flowConstraints>
		
		<operationalProperties>
			<modifiesCas>true</modifiesCas>
			<multipleDeploymentAllowed>false</multipleDeploymentAllowed>
			<outputsNewCASes>false</outputsNewCASes>
		</operationalProperties>
	</analysisEngineMetaData>
</analysisEngineDescription>

